<?xml version="1.0" encoding="UTF-8"?>
<!-- Generated by org.testng.reporters.JUnitReportReporter -->
<testsuite hostname="rayhan" failures="0" tests="1" name="com.letskodeit.overview.LoginTest" time="1.532" errors="0" timestamp="2023-05-28T01:03:21 EDT" skipped="0">
  <testcase classname="com.letskodeit.overview.LoginTest" name="testLogin" time="1.532"/>
  <system-out/>
</testsuite> <!-- com.letskodeit.overview.LoginTest -->
