<?xml version="1.0" encoding="UTF-8"?>
<!-- Generated by org.testng.reporters.JUnitReportReporter -->
<testsuite hostname="rayhan" failures="0" tests="1" name="com.letskodeit.testclasses.AllCoursesTest" time="0.408" errors="0" timestamp="2023-06-23T18:29:44 EDT" skipped="0">
  <testcase classname="com.letskodeit.testclasses.AllCoursesTest" name="verifySearchCourse" time="0.408"/>
  <system-out/>
</testsuite> <!-- com.letskodeit.testclasses.AllCoursesTest -->
